<?xml version="1.0" encoding="UTF-8"?>
<testng-results skipped="0" failed="0" ignored="0" total="1" passed="1">
  <reporter-output>
  </reporter-output>
  <suite name="Suite" duration-ms="29436" started-at="2022-09-01T17:06:45 IST" finished-at="2022-09-01T17:07:14 IST">
    <groups>
    </groups>
    <test name="Test" duration-ms="29436" started-at="2022-09-01T17:06:45 IST" finished-at="2022-09-01T17:07:14 IST">
      <class name="JenkinMavenPrgrm.JenkinsPrgrmMaven">
        <test-method status="PASS" signature="setup()[pri:0, instance:JenkinMavenPrgrm.JenkinsPrgrmMaven@7a1ebcd8]" name="setup" is-config="true" duration-ms="4937" started-at="2022-09-01T17:06:45 IST" finished-at="2022-09-01T17:06:50 IST">
          <reporter-output>
          </reporter-output>
        </test-method> <!-- setup -->
        <test-method status="PASS" signature="test()[pri:0, instance:JenkinMavenPrgrm.JenkinsPrgrmMaven@7a1ebcd8]" name="test" duration-ms="21976" started-at="2022-09-01T17:06:50 IST" finished-at="2022-09-01T17:07:12 IST">
          <reporter-output>
          </reporter-output>
        </test-method> <!-- test -->
        <test-method status="PASS" signature="teardown()[pri:0, instance:JenkinMavenPrgrm.JenkinsPrgrmMaven@7a1ebcd8]" name="teardown" is-config="true" duration-ms="2446" started-at="2022-09-01T17:07:12 IST" finished-at="2022-09-01T17:07:14 IST">
          <reporter-output>
          </reporter-output>
        </test-method> <!-- teardown -->
      </class> <!-- JenkinMavenPrgrm.JenkinsPrgrmMaven -->
    </test> <!-- Test -->
  </suite> <!-- Suite -->
</testng-results>
