<?xml version="1.0" encoding="UTF-8"?>
<testng-results skipped="0" failed="0" ignored="0" total="1" passed="1">
  <reporter-output>
  </reporter-output>
  <suite name="Default suite" duration-ms="9380" started-at="2022-09-01T17:02:05 IST" finished-at="2022-09-01T17:02:14 IST">
    <groups>
    </groups>
    <test name="Default test" duration-ms="9380" started-at="2022-09-01T17:02:05 IST" finished-at="2022-09-01T17:02:14 IST">
      <class name="JenkinMavenPrgrm.JenkinsPrgrmMaven">
        <test-method status="PASS" signature="setup()[pri:0, instance:JenkinMavenPrgrm.JenkinsPrgrmMaven@2db7a79b]" name="setup" is-config="true" duration-ms="4961" started-at="2022-09-01T17:02:05 IST" finished-at="2022-09-01T17:02:10 IST">
          <reporter-output>
          </reporter-output>
        </test-method> <!-- setup -->
        <test-method status="PASS" signature="test()[pri:0, instance:JenkinMavenPrgrm.JenkinsPrgrmMaven@2db7a79b]" name="test" duration-ms="1696" started-at="2022-09-01T17:02:10 IST" finished-at="2022-09-01T17:02:12 IST">
          <reporter-output>
          </reporter-output>
        </test-method> <!-- test -->
        <test-method status="PASS" signature="teardown()[pri:0, instance:JenkinMavenPrgrm.JenkinsPrgrmMaven@2db7a79b]" name="teardown" is-config="true" duration-ms="2656" started-at="2022-09-01T17:02:12 IST" finished-at="2022-09-01T17:02:14 IST">
          <reporter-output>
          </reporter-output>
        </test-method> <!-- teardown -->
      </class> <!-- JenkinMavenPrgrm.JenkinsPrgrmMaven -->
    </test> <!-- Default test -->
  </suite> <!-- Default suite -->
</testng-results>
